This is pdfTeX, Version 3.14159265-2.6-1.40.15 (TeX Live 2014) (preloaded format=pdflatex 2014.5.25)  13 JAN 2016 09:03
entering extended mode
 restricted \write18 enabled.
 file:line:error style messages enabled.
 %&-line parsing enabled.
**slides.tex
(./slides.tex
LaTeX2e <2014/05/01>
Babel <3.9k> and hyphenation patterns for 78 languages loaded.
(/Users/dave/Library/texmf/tex/latex/misc/latex-beamer-3.07/base/beamer.cls
(/Users/dave/Library/texmf/tex/latex/misc/latex-beamer-3.07/base/beamerbasercs.
sty
Package: beamerbasercs 2007/01/28 (rcs-revision 1.4)
)
Document Class: beamer 2007/03/11 cvs version 3.07 A class for typesetting pres
entations (rcs-revision 1.70)

(/Users/dave/Library/texmf/tex/latex/misc/latex-beamer-3.07/base/beamerbasemode
s.sty
Package: beamerbasemodes 2007/01/28 (rcs-revision 1.22)
\beamer@tempbox=\box26
\beamer@tempcount=\count79
\c@beamerpauses=\count80

(/Users/dave/Library/texmf/tex/latex/misc/latex-beamer-3.07/base/beamerbasedeco
de.sty
Package: beamerbasedecode 2007/01/28 (rcs-revision 1.20)
\beamer@slideinframe=\count81
\beamer@minimum=\count82
)
\beamer@commentbox=\box27
\beamer@modecount=\count83
)
\headheight=\dimen102
\headdp=\dimen103
\footheight=\dimen104
\sidebarheight=\dimen105
\beamer@tempdim=\dimen106
\beamer@finalheight=\dimen107
\beamer@animht=\dimen108
\beamer@animdp=\dimen109
\beamer@animwd=\dimen110
\beamer@leftmargin=\dimen111
\beamer@rightmargin=\dimen112
\beamer@leftsidebar=\dimen113
\beamer@rightsidebar=\dimen114
\beamer@boxsize=\dimen115
\beamer@vboxoffset=\dimen116
\beamer@descdefault=\dimen117
\beamer@descriptionwidth=\dimen118
\beamer@lastskip=\skip41
\beamer@areabox=\box28
\beamer@animcurrent=\box29
\beamer@animshowbox=\box30
\beamer@sectionbox=\box31
\beamer@logobox=\box32
\beamer@linebox=\box33
\beamer@sectioncount=\count84
\beamer@subsubsectionmax=\count85
\beamer@subsectionmax=\count86
\beamer@sectionmax=\count87
\beamer@totalheads=\count88
\beamer@headcounter=\count89
\beamer@partstartpage=\count90
\beamer@sectionstartpage=\count91
\beamer@subsectionstartpage=\count92
\beamer@animationtempa=\count93
\beamer@animationtempb=\count94
\beamer@xpos=\count95
\beamer@ypos=\count96
\beamer@showpartnumber=\count97
\beamer@currentsubsection=\count98
\beamer@coveringdepth=\count99
\beamer@sectionadjust=\count100
\beamer@tocsectionnumber=\count101

(/Users/dave/Library/texmf/tex/latex/misc/latex-beamer-3.07/base/beamerbaseopti
ons.sty
Package: beamerbaseoptions 2007/01/28 (rcs-revision 1.8)
 (/usr/local/texlive/2014/texmf-dist/tex/latex/graphics/keyval.sty
Package: keyval 2014/05/08 v1.15 key=value parser (DPC)
\KV@toks@=\toks14
))
(/Users/dave/Library/texmf/tex/latex/misc/pgf_2.10.tds/tex/latex/pgf/basiclayer
/pgfcore.sty
(/usr/local/texlive/2014/texmf-dist/tex/latex/graphics/graphicx.sty
Package: graphicx 2014/04/25 v1.0g Enhanced LaTeX Graphics (DPC,SPQR)

(/usr/local/texlive/2014/texmf-dist/tex/latex/graphics/graphics.sty
Package: graphics 2009/02/05 v1.0o Standard LaTeX Graphics (DPC,SPQR)

(/usr/local/texlive/2014/texmf-dist/tex/latex/graphics/trig.sty
Package: trig 1999/03/16 v1.09 sin cos tan (DPC)
)
(/usr/local/texlive/2014/texmf-dist/tex/latex/latexconfig/graphics.cfg
File: graphics.cfg 2010/04/23 v1.9 graphics configuration of TeX Live
)
Package graphics Info: Driver file: pdftex.def on input line 91.

(/usr/local/texlive/2014/texmf-dist/tex/latex/pdftex-def/pdftex.def
File: pdftex.def 2011/05/27 v0.06d Graphics/color for pdfTeX

(/usr/local/texlive/2014/texmf-dist/tex/generic/oberdiek/infwarerr.sty
Package: infwarerr 2010/04/08 v1.3 Providing info/warning/error messages (HO)
)
(/usr/local/texlive/2014/texmf-dist/tex/generic/oberdiek/ltxcmds.sty
Package: ltxcmds 2011/11/09 v1.22 LaTeX kernel commands for general use (HO)
)
\Gread@gobject=\count102
))
\Gin@req@height=\dimen119
\Gin@req@width=\dimen120
)
(/Users/dave/Library/texmf/tex/latex/misc/pgf_2.10.tds/tex/latex/pgf/systemlaye
r/pgfsys.sty
(/Users/dave/Library/texmf/tex/latex/misc/pgf_2.10.tds/tex/latex/pgf/utilities/
pgfrcs.sty
(/Users/dave/Library/texmf/tex/latex/misc/pgf_2.10.tds/tex/generic/pgf/utilitie
s/pgfutil-common.tex
\pgfutil@everybye=\toks15
)
(/Users/dave/Library/texmf/tex/latex/misc/pgf_2.10.tds/tex/generic/pgf/utilitie
s/pgfutil-latex.def
\pgfutil@abb=\box34

(/usr/local/texlive/2014/texmf-dist/tex/latex/ms/everyshi.sty
Package: everyshi 2001/05/15 v3.00 EveryShipout Package (MS)
))
(/Users/dave/Library/texmf/tex/latex/misc/pgf_2.10.tds/tex/generic/pgf/utilitie
s/pgfrcs.code.tex
Package: pgfrcs 2010/10/25 v2.10 (rcs-revision 1.24)
))
(/Users/dave/Library/texmf/tex/latex/misc/pgf_2.10.tds/tex/generic/pgf/systemla
yer/pgfsys.code.tex
Package: pgfsys 2010/06/30 v2.10 (rcs-revision 1.37)

(/Users/dave/Library/texmf/tex/latex/misc/pgf_2.10.tds/tex/generic/pgf/utilitie
s/pgfkeys.code.tex
\pgfkeys@pathtoks=\toks16
\pgfkeys@temptoks=\toks17

(/Users/dave/Library/texmf/tex/latex/misc/pgf_2.10.tds/tex/generic/pgf/utilitie
s/pgfkeysfiltered.code.tex
\pgfkeys@tmptoks=\toks18
))
\pgf@x=\dimen121
\pgf@y=\dimen122
\pgf@xa=\dimen123
\pgf@ya=\dimen124
\pgf@xb=\dimen125
\pgf@yb=\dimen126
\pgf@xc=\dimen127
\pgf@yc=\dimen128
\w@pgf@writea=\write3
\r@pgf@reada=\read1
\c@pgf@counta=\count103
\c@pgf@countb=\count104
\c@pgf@countc=\count105
\c@pgf@countd=\count106

(/Users/dave/Library/texmf/tex/latex/misc/pgf_2.10.tds/tex/generic/pgf/systemla
yer/pgf.cfg
File: pgf.cfg 2008/05/14  (rcs-revision 1.7)
)
Package pgfsys Info: Driver file for pgf: pgfsys-pdftex.def on input line 900.

(/Users/dave/Library/texmf/tex/latex/misc/pgf_2.10.tds/tex/generic/pgf/systemla
yer/pgfsys-pdftex.def
File: pgfsys-pdftex.def 2009/05/22  (rcs-revision 1.26)

(/Users/dave/Library/texmf/tex/latex/misc/pgf_2.10.tds/tex/generic/pgf/systemla
yer/pgfsys-common-pdf.def
File: pgfsys-common-pdf.def 2008/05/19  (rcs-revision 1.10)
)))
(/Users/dave/Library/texmf/tex/latex/misc/pgf_2.10.tds/tex/generic/pgf/systemla
yer/pgfsyssoftpath.code.tex
File: pgfsyssoftpath.code.tex 2008/07/18  (rcs-revision 1.7)
\pgfsyssoftpath@smallbuffer@items=\count107
\pgfsyssoftpath@bigbuffer@items=\count108
)
(/Users/dave/Library/texmf/tex/latex/misc/pgf_2.10.tds/tex/generic/pgf/systemla
yer/pgfsysprotocol.code.tex
File: pgfsysprotocol.code.tex 2006/10/16  (rcs-revision 1.4)
))
(/usr/local/texlive/2014/texmf-dist/tex/latex/xcolor/xcolor.sty
Package: xcolor 2007/01/21 v2.11 LaTeX color extensions (UK)

(/usr/local/texlive/2014/texmf-dist/tex/latex/latexconfig/color.cfg
File: color.cfg 2007/01/18 v1.5 color configuration of teTeX/TeXLive
)
Package xcolor Info: Driver file: pdftex.def on input line 225.
Package xcolor Info: Model `cmy' substituted by `cmy0' on input line 1337.
Package xcolor Info: Model `hsb' substituted by `rgb' on input line 1341.
Package xcolor Info: Model `RGB' extended on input line 1353.
Package xcolor Info: Model `HTML' substituted by `rgb' on input line 1355.
Package xcolor Info: Model `Hsb' substituted by `hsb' on input line 1356.
Package xcolor Info: Model `tHsb' substituted by `hsb' on input line 1357.
Package xcolor Info: Model `HSB' substituted by `hsb' on input line 1358.
Package xcolor Info: Model `Gray' substituted by `gray' on input line 1359.
Package xcolor Info: Model `wave' substituted by `hsb' on input line 1360.
)
(/Users/dave/Library/texmf/tex/latex/misc/pgf_2.10.tds/tex/generic/pgf/basiclay
er/pgfcore.code.tex
Package: pgfcore 2010/04/11 v2.10 (rcs-revision 1.7)

(/Users/dave/Library/texmf/tex/latex/misc/pgf_2.10.tds/tex/generic/pgf/math/pgf
math.code.tex
(/Users/dave/Library/texmf/tex/latex/misc/pgf_2.10.tds/tex/generic/pgf/math/pgf
mathcalc.code.tex
(/Users/dave/Library/texmf/tex/latex/misc/pgf_2.10.tds/tex/generic/pgf/math/pgf
mathutil.code.tex)
(/Users/dave/Library/texmf/tex/latex/misc/pgf_2.10.tds/tex/generic/pgf/math/pgf
mathparser.code.tex
\pgfmath@dimen=\dimen129
\pgfmath@count=\count109
\pgfmath@box=\box35
\pgfmath@toks=\toks19
\pgfmath@stack@operand=\toks20
\pgfmath@stack@operation=\toks21
)
(/Users/dave/Library/texmf/tex/latex/misc/pgf_2.10.tds/tex/generic/pgf/math/pgf
mathfunctions.code.tex
(/Users/dave/Library/texmf/tex/latex/misc/pgf_2.10.tds/tex/generic/pgf/math/pgf
mathfunctions.basic.code.tex)
(/Users/dave/Library/texmf/tex/latex/misc/pgf_2.10.tds/tex/generic/pgf/math/pgf
mathfunctions.trigonometric.code.tex)
(/Users/dave/Library/texmf/tex/latex/misc/pgf_2.10.tds/tex/generic/pgf/math/pgf
mathfunctions.random.code.tex)
(/Users/dave/Library/texmf/tex/latex/misc/pgf_2.10.tds/tex/generic/pgf/math/pgf
mathfunctions.comparison.code.tex)
(/Users/dave/Library/texmf/tex/latex/misc/pgf_2.10.tds/tex/generic/pgf/math/pgf
mathfunctions.base.code.tex)
(/Users/dave/Library/texmf/tex/latex/misc/pgf_2.10.tds/tex/generic/pgf/math/pgf
mathfunctions.round.code.tex)
(/Users/dave/Library/texmf/tex/latex/misc/pgf_2.10.tds/tex/generic/pgf/math/pgf
mathfunctions.misc.code.tex)))
(/Users/dave/Library/texmf/tex/latex/misc/pgf_2.10.tds/tex/generic/pgf/math/pgf
mathfloat.code.tex
\c@pgfmathroundto@lastzeros=\count110
))
(/Users/dave/Library/texmf/tex/latex/misc/pgf_2.10.tds/tex/generic/pgf/basiclay
er/pgfcorepoints.code.tex
File: pgfcorepoints.code.tex 2010/04/09  (rcs-revision 1.20)
\pgf@picminx=\dimen130
\pgf@picmaxx=\dimen131
\pgf@picminy=\dimen132
\pgf@picmaxy=\dimen133
\pgf@pathminx=\dimen134
\pgf@pathmaxx=\dimen135
\pgf@pathminy=\dimen136
\pgf@pathmaxy=\dimen137
\pgf@xx=\dimen138
\pgf@xy=\dimen139
\pgf@yx=\dimen140
\pgf@yy=\dimen141
\pgf@zx=\dimen142
\pgf@zy=\dimen143
)
(/Users/dave/Library/texmf/tex/latex/misc/pgf_2.10.tds/tex/generic/pgf/basiclay
er/pgfcorepathconstruct.code.tex
File: pgfcorepathconstruct.code.tex 2010/08/03  (rcs-revision 1.24)
\pgf@path@lastx=\dimen144
\pgf@path@lasty=\dimen145
)
(/Users/dave/Library/texmf/tex/latex/misc/pgf_2.10.tds/tex/generic/pgf/basiclay
er/pgfcorepathusage.code.tex
File: pgfcorepathusage.code.tex 2008/04/22  (rcs-revision 1.12)
\pgf@shorten@end@additional=\dimen146
\pgf@shorten@start@additional=\dimen147
)
(/Users/dave/Library/texmf/tex/latex/misc/pgf_2.10.tds/tex/generic/pgf/basiclay
er/pgfcorescopes.code.tex
File: pgfcorescopes.code.tex 2010/09/08  (rcs-revision 1.34)
\pgfpic=\box36
\pgf@hbox=\box37
\pgf@layerbox@main=\box38
\pgf@picture@serial@count=\count111
)
(/Users/dave/Library/texmf/tex/latex/misc/pgf_2.10.tds/tex/generic/pgf/basiclay
er/pgfcoregraphicstate.code.tex
File: pgfcoregraphicstate.code.tex 2008/04/22  (rcs-revision 1.9)
\pgflinewidth=\dimen148
)
(/Users/dave/Library/texmf/tex/latex/misc/pgf_2.10.tds/tex/generic/pgf/basiclay
er/pgfcoretransformations.code.tex
File: pgfcoretransformations.code.tex 2009/06/10  (rcs-revision 1.11)
\pgf@pt@x=\dimen149
\pgf@pt@y=\dimen150
\pgf@pt@temp=\dimen151
)
(/Users/dave/Library/texmf/tex/latex/misc/pgf_2.10.tds/tex/generic/pgf/basiclay
er/pgfcorequick.code.tex
File: pgfcorequick.code.tex 2008/10/09  (rcs-revision 1.3)
)
(/Users/dave/Library/texmf/tex/latex/misc/pgf_2.10.tds/tex/generic/pgf/basiclay
er/pgfcoreobjects.code.tex
File: pgfcoreobjects.code.tex 2006/10/11  (rcs-revision 1.2)
)
(/Users/dave/Library/texmf/tex/latex/misc/pgf_2.10.tds/tex/generic/pgf/basiclay
er/pgfcorepathprocessing.code.tex
File: pgfcorepathprocessing.code.tex 2008/10/09  (rcs-revision 1.8)
)
(/Users/dave/Library/texmf/tex/latex/misc/pgf_2.10.tds/tex/generic/pgf/basiclay
er/pgfcorearrows.code.tex
File: pgfcorearrows.code.tex 2008/04/23  (rcs-revision 1.11)
)
(/Users/dave/Library/texmf/tex/latex/misc/pgf_2.10.tds/tex/generic/pgf/basiclay
er/pgfcoreshade.code.tex
File: pgfcoreshade.code.tex 2008/11/23  (rcs-revision 1.13)
\pgf@max=\dimen152
\pgf@sys@shading@range@num=\count112
)
(/Users/dave/Library/texmf/tex/latex/misc/pgf_2.10.tds/tex/generic/pgf/basiclay
er/pgfcoreimage.code.tex
File: pgfcoreimage.code.tex 2010/03/25  (rcs-revision 1.16)

(/Users/dave/Library/texmf/tex/latex/misc/pgf_2.10.tds/tex/generic/pgf/basiclay
er/pgfcoreexternal.code.tex
File: pgfcoreexternal.code.tex 2010/09/01  (rcs-revision 1.17)
\pgfexternal@startupbox=\box39
))
(/Users/dave/Library/texmf/tex/latex/misc/pgf_2.10.tds/tex/generic/pgf/basiclay
er/pgfcorelayers.code.tex
File: pgfcorelayers.code.tex 2010/08/27  (rcs-revision 1.2)
)
(/Users/dave/Library/texmf/tex/latex/misc/pgf_2.10.tds/tex/generic/pgf/basiclay
er/pgfcoretransparency.code.tex
File: pgfcoretransparency.code.tex 2008/01/17  (rcs-revision 1.2)
)
(/Users/dave/Library/texmf/tex/latex/misc/pgf_2.10.tds/tex/generic/pgf/basiclay
er/pgfcorepatterns.code.tex
File: pgfcorepatterns.code.tex 2009/07/02  (rcs-revision 1.3)
)))
(/Users/dave/Library/texmf/tex/latex/misc/pgf_2.10.tds/tex/latex/pgf/basiclayer
/pgfbaseimage.sty

Package pgf Warning: This package is obsolete and no longer needed on input lin
e 13.

)
(/Users/dave/Library/texmf/tex/latex/misc/pgf_2.10.tds/tex/latex/pgf/utilities/
xxcolor.sty
Package: xxcolor 2003/10/24 ver 0.1
\XC@nummixins=\count113
\XC@countmixins=\count114
) (/usr/local/texlive/2014/texmf-dist/tex/latex/amsfonts/amssymb.sty
Package: amssymb 2013/01/14 v3.01 AMS font symbols
(/Users/dave/Library/texmf/tex/latex/misc/amsfonts.sty
Package: amsfonts 1997/09/17 v2.2e
\@emptytoks=\toks22
\symAMSa=\mathgroup4
\symAMSb=\mathgroup5
LaTeX Font Info:    Overwriting math alphabet `\mathfrak' in version `bold'
(Font)                  U/euf/m/n --> U/euf/b/n on input line 133.
))
(/Users/dave/Library/texmf/tex/latex/misc/geometry.sty
Package: geometry 1999/10/07 v2.2 Page Geometry
\geom@cnth=\count115
\geom@cntv=\count116

(/Users/dave/Library/texmf/tex/latex/misc/geometry.cfg))
(/Users/dave/Library/texmf/tex/latex/misc/hyperref/hyperref/hyperref.sty
Package: hyperref 2000/09/07 v6.70v Hypertext links for LaTeX
\@linkdim=\dimen153
\Hy@linkcounter=\count117
\Hy@pagecounter=\count118

(/Users/dave/Library/texmf/tex/latex/misc/hyperref/hyperref/pd1enc.def
File: pd1enc.def 2000/09/07 v6.70v Hyperref: PDFDocEncoding definition (HO)
)
(/usr/local/texlive/2014/texmf-dist/tex/latex/latexconfig/hyperref.cfg
File: hyperref.cfg 2002/06/06 v1.2 hyperref configuration of TeXLive
)
Package hyperref Info: Option `bookmarks' set `true' on input line 1602.
Package hyperref Info: Option `bookmarksopen' set `true' on input line 1602.
Package hyperref Info: Option `implicit' set `false' on input line 1602.
Package hyperref Info: Bookmarks ON on input line 1660.
Package hyperref Info: Hyper figures OFF on input line 1679.
Package hyperref Info: Link nesting OFF on input line 1684.
Package hyperref Info: Hyper index ON on input line 1687.
Package hyperref Info: Plain pages ON on input line 1692.
Package hyperref Info: Backreferencing OFF on input line 1699.

Implicit mode OFF; no redefinition of LaTeX internals
(/Users/dave/Library/texmf/tex/latex/misc/url.sty
Package: url 1996/10/19  ver 1.2  Verb mode for urls, email addresses, and file
 names
)
\Fld@menulength=\count119
\Field@Width=\dimen154
\Fld@charsize=\dimen155
\Choice@toks=\toks23
\Field@toks=\toks24
Package hyperref Info: Hyper figures OFF on input line 2348.
Package hyperref Info: Link nesting OFF on input line 2353.
Package hyperref Info: Hyper index ON on input line 2356.
Package hyperref Info: backreferencing OFF on input line 2363.
Package hyperref Info: Link coloring OFF on input line 2368.

Hyperref stopped early
)
*hyperref using default driver hpdftex*
(/Users/dave/Library/texmf/tex/latex/misc/hyperref/hyperref/hpdftex.def
File: hpdftex.def 2000/09/07 v6.70v Hyperref driver for pdfTeX

(/usr/local/texlive/2014/texmf-dist/tex/latex/psnfss/pifont.sty
Package: pifont 2005/04/12 PSNFSS-v9.2a Pi font support (SPQR) 
LaTeX Font Info:    Try loading font information for U+pzd on input line 63.

(/usr/local/texlive/2014/texmf-dist/tex/latex/psnfss/upzd.fd
File: upzd.fd 2001/06/04 font definitions for U/pzd.
)
LaTeX Font Info:    Try loading font information for U+psy on input line 64.

(/usr/local/texlive/2014/texmf-dist/tex/latex/psnfss/upsy.fd
File: upsy.fd 2001/06/04 font definitions for U/psy.
))
\Fld@listcount=\count120
\@outlinefile=\write4
)
(/Users/dave/Library/texmf/tex/latex/misc/size11.clo
File: size11.clo 2001/04/21 v1.4e Standard LaTeX file (size option)
)
(/Users/dave/Library/texmf/tex/latex/misc/latex-beamer-3.07/base/beamerbasecomp
atibility.sty
Package: beamerbasecompatibility 2007/01/28  (rcs-revision 1.63)
)
(/Users/dave/Library/texmf/tex/latex/misc/latex-beamer-3.07/base/beamerbasefont
.sty
Package: beamerbasefont 2007/01/28  (rcs-revision 1.16)
)
(/Users/dave/Library/texmf/tex/latex/misc/latex-beamer-3.07/base/beamerbasemisc
.sty
Package: beamerbasemisc 2007/01/28  (rcs-revision 1.24)
)
(/Users/dave/Library/texmf/tex/latex/misc/latex-beamer-3.07/base/beamerbasetwos
creens.sty
Package: beamerbasetwoscreens 2007/01/28  (rcs-revision 1.7)
)
(/Users/dave/Library/texmf/tex/latex/misc/latex-beamer-3.07/base/beamerbaseover
lay.sty
Package: beamerbaseoverlay 2007/01/28  (rcs-revision 1.50)
\beamer@argscount=\count121
\beamer@lastskipcover=\skip42
\beamer@trivlistdepth=\count122
)
(/Users/dave/Library/texmf/tex/latex/misc/latex-beamer-3.07/base/beamerbasetitl
e.sty
Package: beamerbasetitle 2007/01/28  (rcs-revision 1.25)
)
(/Users/dave/Library/texmf/tex/latex/misc/latex-beamer-3.07/base/beamerbasesect
ion.sty
Package: beamerbasesection 2007/01/28  (rcs-revision 1.21)
\c@lecture=\count123
\c@part=\count124
\c@section=\count125
\c@subsection=\count126
\c@subsubsection=\count127
)
(/Users/dave/Library/texmf/tex/latex/misc/latex-beamer-3.07/base/beamerbasefram
e.sty
Package: beamerbaseframe 2007/01/28  (rcs-revision 1.60)
\beamer@framebox=\box40
\beamer@frametitlebox=\box41
\beamer@zoombox=\box42
\beamer@zoomcount=\count128
\beamer@zoomframecount=\count129
\beamer@frametextheight=\dimen156
\c@subsectionslide=\count130
\beamer@frametopskip=\skip43
\beamer@framebottomskip=\skip44
\beamer@frametopskipautobreak=\skip45
\beamer@framebottomskipautobreak=\skip46
\beamer@envbody=\toks25
\c@framenumber=\count131
)
(/Users/dave/Library/texmf/tex/latex/misc/latex-beamer-3.07/base/beamerbaseverb
atim.sty
Package: beamerbaseverbatim 2007/01/28  (rcs-revision 1.8)
\beamer@verbatimfileout=\write5
)
(/Users/dave/Library/texmf/tex/latex/misc/latex-beamer-3.07/base/beamerbasefram
esize.sty
Package: beamerbaseframesize 2007/01/28  (rcs-revision 1.18)
\beamer@splitbox=\box43
\beamer@autobreakcount=\count132
\beamer@autobreaklastheight=\dimen157
\beamer@frametitletoks=\toks26
\beamer@framesubtitletoks=\toks27
)
(/Users/dave/Library/texmf/tex/latex/misc/latex-beamer-3.07/base/beamerbasefram
ecomponents.sty
Package: beamerbaseframecomponents 2007/01/28  (rcs-revision 1.41)
\beamer@footins=\box44
)
(/Users/dave/Library/texmf/tex/latex/misc/latex-beamer-3.07/base/beamerbasecolo
r.sty
Package: beamerbasecolor 2007/01/28  (rcs-revision 1.42)
)
(/Users/dave/Library/texmf/tex/latex/misc/latex-beamer-3.07/base/beamerbasenote
s.sty
Package: beamerbasenotes 2007/01/28  (rcs-revision 1.23)
\beamer@frameboxcopy=\box45
)
(/Users/dave/Library/texmf/tex/latex/misc/latex-beamer-3.07/base/beamerbasetoc.
sty
Package: beamerbasetoc 2007/01/28  (rcs-revision 1.21)
)
(/Users/dave/Library/texmf/tex/latex/misc/latex-beamer-3.07/base/beamerbasetemp
lates.sty
Package: beamerbasetemplates 2007/01/28  (rcs-revision 1.51)
\beamer@sbttoks=\toks28

(/Users/dave/Library/texmf/tex/latex/misc/latex-beamer-3.07/base/beamerbaseauxt
emplates.sty
Package: beamerbaseauxtemplates 2007/01/28  (rcs-revision 1.28)

(/Users/dave/Library/texmf/tex/latex/misc/latex-beamer-3.07/base/beamerbaseboxe
s.sty
Package: beamerbaseboxes 2007/03/11  (rcs-revision 1.32)
\bmb@box=\box46
\bmb@colorbox=\box47
\bmb@boxshadow=\box48
\bmb@boxshadowball=\box49
\bmb@boxshadowballlarge=\box50
\bmb@temp=\dimen158
\bmb@dima=\dimen159
\bmb@dimb=\dimen160
\bmb@prevheight=\dimen161
)
\beamer@blockheadheight=\dimen162
))
(/Users/dave/Library/texmf/tex/latex/misc/latex-beamer-3.07/base/beamerbaseloca
lstructure.sty
Package: beamerbaselocalstructure 2007/01/28  (rcs-revision 1.53)

(/usr/local/texlive/2014/texmf-dist/tex/latex/tools/enumerate.sty
Package: enumerate 1999/03/05 v3.00 enumerate extensions (DPC)
\@enLab=\toks29
)
\c@figure=\count133
\c@table=\count134
\abovecaptionskip=\skip47
\belowcaptionskip=\skip48
)
(/Users/dave/Library/texmf/tex/latex/misc/latex-beamer-3.07/base/beamerbasenavi
gation.sty
Package: beamerbasenavigation 2007/01/28  (rcs-revision 1.36)
)
(/Users/dave/Library/texmf/tex/latex/misc/latex-beamer-3.07/base/beamerbasetheo
rems.sty
Package: beamerbasetheorems 2007/01/28  (rcs-revision 1.10)

(/usr/local/texlive/2014/texmf-dist/tex/latex/beamer/translator/translator.sty
Package: translator 2010/06/12 ver 1.10

(/usr/local/texlive/2014/texmf-dist/tex/latex/beamer/translator/translator-lang
uage-mappings.tex))
(/usr/local/texlive/2014/texmf-dist/tex/latex/amsmath/amsmath.sty
Package: amsmath 2013/01/14 v2.14 AMS math features
\@mathmargin=\skip49

For additional information on amsmath, use the `?' option.
(/usr/local/texlive/2014/texmf-dist/tex/latex/amsmath/amstext.sty
Package: amstext 2000/06/29 v2.01

(/usr/local/texlive/2014/texmf-dist/tex/latex/amsmath/amsgen.sty
File: amsgen.sty 1999/11/30 v2.0
\@emptytoks=\toks30
\ex@=\dimen163
))
(/usr/local/texlive/2014/texmf-dist/tex/latex/amsmath/amsbsy.sty
Package: amsbsy 1999/11/29 v1.2d
\pmbraise@=\dimen164
)
(/usr/local/texlive/2014/texmf-dist/tex/latex/amsmath/amsopn.sty
Package: amsopn 1999/12/14 v2.01 operator names
)
\inf@bad=\count135
LaTeX Info: Redefining \frac on input line 210.
\uproot@=\count136
\leftroot@=\count137
LaTeX Info: Redefining \overline on input line 306.
\classnum@=\count138
\DOTSCASE@=\count139
LaTeX Info: Redefining \ldots on input line 378.
LaTeX Info: Redefining \dots on input line 381.
LaTeX Info: Redefining \cdots on input line 466.
\Mathstrutbox@=\box51
\strutbox@=\box52
\big@size=\dimen165
LaTeX Font Info:    Redeclaring font encoding OML on input line 566.
LaTeX Font Info:    Redeclaring font encoding OMS on input line 567.
\macc@depth=\count140
\c@MaxMatrixCols=\count141
\dotsspace@=\muskip10
\c@parentequation=\count142
\dspbrk@lvl=\count143
\tag@help=\toks31
\row@=\count144
\column@=\count145
\maxfields@=\count146
\andhelp@=\toks32
\eqnshift@=\dimen166
\alignsep@=\dimen167
\tagshift@=\dimen168
\tagwidth@=\dimen169
\totwidth@=\dimen170
\lineht@=\dimen171
\@envbody=\toks33
\multlinegap=\skip50
\multlinetaggap=\skip51
\mathdisplay@stack=\toks34
LaTeX Info: Redefining \[ on input line 2665.
LaTeX Info: Redefining \] on input line 2666.
)
(/usr/local/texlive/2014/texmf-dist/tex/latex/amscls/amsthm.sty
Package: amsthm 2004/08/06 v2.20
\thm@style=\toks35
\thm@bodyfont=\toks36
\thm@headfont=\toks37
\thm@notefont=\toks38
\thm@headpunct=\toks39
\thm@preskip=\skip52
\thm@postskip=\skip53
\thm@headsep=\skip54
\dth@everypar=\toks40
)
\c@theorem=\count147
)
(/Users/dave/Library/texmf/tex/latex/misc/latex-beamer-3.07/base/beamerbasethem
es.sty
Package: beamerbasethemes 2007/01/28  (rcs-revision 1.10)
)
(/Users/dave/Library/texmf/tex/latex/misc/latex-beamer-3.07/themes/theme/beamer
themedefault.sty
Package: beamerthemedefault 2007/01/28  (rcs-revision 1.7)

(/Users/dave/Library/texmf/tex/latex/misc/latex-beamer-3.07/themes/font/beamerf
ontthemedefault.sty
Package: beamerfontthemedefault 2007/01/28  (rcs-revision 1.13)
)
(/Users/dave/Library/texmf/tex/latex/misc/latex-beamer-3.07/themes/color/beamer
colorthemedefault.sty
Package: beamercolorthemedefault 2007/01/28  (rcs-revision 1.28)
)
(/Users/dave/Library/texmf/tex/latex/misc/latex-beamer-3.07/themes/inner/beamer
innerthemedefault.sty
Package: beamerinnerthemedefault 2007/01/28  (rcs-revision 1.20)
\beamer@dima=\dimen172
\beamer@dimb=\dimen173
)
(/Users/dave/Library/texmf/tex/latex/misc/latex-beamer-3.07/themes/outer/beamer
outerthemedefault.sty
Package: beamerouterthemedefault 2007/01/28  (rcs-revision 1.14)
)))
(/Users/dave/Library/texmf/tex/latex/misc/pgf_2.10.tds/tex/latex/pgf/utilities/
pgfpages.sty
Package: pgfpages 2004/11/05 ver 0.01
 (/usr/local/texlive/2014/texmf-dist/tex/latex/tools/calc.sty
Package: calc 2007/08/22 v4.3 Infix arithmetic (KKT,FJ)
\calc@Acount=\count148
\calc@Bcount=\count149
\calc@Adimen=\dimen174
\calc@Bdimen=\dimen175
\calc@Askip=\skip55
\calc@Bskip=\skip56
LaTeX Info: Redefining \setlength on input line 75.
LaTeX Info: Redefining \addtolength on input line 76.
\calc@Ccount=\count150
\calc@Cskip=\skip57
)
\pgf@logicalpages=\count151
\pgf@firstshipout=\count152
\pgf@lastshipout=\count153
\pgf@currentshipout=\count154
\pgf@cpn=\count155
\pgf@shipoutnextto=\count156
\pgfphysicalheight=\dimen176
\pgfphysicalwidth=\dimen177
\pgfpages@shipoutbox=\box53
)
(/Users/dave/Library/texmf/tex/latex/misc/threeparttable.sty
\@tempboxb=\box54
)
(/Users/dave/Library/texmf/tex/latex/misc/overpic/overpic.sty
Package: overpic 2010/09/13 v0.53  Overwriting graphics

Package: overpic v0.53 <2010/09/13> (RN)
(/usr/local/texlive/2014/texmf-dist/tex/latex/eepic/epic.sty
Enhancements to Picture Environment. Version 1.2 - Released June 1, 1986
\@@multicnt=\count157
\d@lta=\count158
\@delta=\dimen178
\@@delta=\dimen179
\@gridcnt=\count159
\@joinkind=\count160
\@dotgap=\dimen180
\@ddotgap=\dimen181
\@x@diff=\count161
\@y@diff=\count162
\x@diff=\dimen182
\y@diff=\dimen183
\@dotbox=\box55
\num@segments=\count163
\num@segmentsi=\count164
\@datafile=\read2
)
overpic: relative positioning in percent
)
\c@assump=\count165
\c@imp=\count166
\c@hypo=\count167
\c@prop=\count168
\c@impl=\count169
\c@genhyp=\count170
\c@defi=\count171
\c@saveenumi=\count172

(/Users/dave/Library/texmf/tex/latex/misc/latex-beamer-3.07/themes/theme/beamer
themeAnnArbor.sty
Package: beamerthemeAnnArbor 2007/01/28  (rcs-revision 1.4)

(/Users/dave/Library/texmf/tex/latex/misc/latex-beamer-3.07/themes/inner/beamer
innerthemerounded.sty
Package: beamerinnerthemerounded 2007/01/28  (rcs-revision 1.5)
)
(/Users/dave/Library/texmf/tex/latex/misc/latex-beamer-3.07/themes/outer/beamer
outerthemeinfolines.sty
Package: beamerouterthemeinfolines 2007/01/28  (rcs-revision 1.9)
)
(/Users/dave/Library/texmf/tex/latex/misc/latex-beamer-3.07/themes/color/beamer
colorthemewolverine.sty
Package: beamercolorthemewolverine 2007/01/28  (rcs-revision 1.6)
))
(/Users/dave/Library/texmf/tex/latex/misc/latex-beamer-3.07/themes/color/beamer
colorthemebeaver.sty
Package: beamercolorthemebeaver 2007/01/28  (rcs-revision 1.2)
) (./slides.aux)
\openout1 = `slides.aux'.

LaTeX Font Info:    Checking defaults for OML/cmm/m/it on input line 37.
LaTeX Font Info:    ... okay on input line 37.
LaTeX Font Info:    Checking defaults for T1/cmr/m/n on input line 37.
LaTeX Font Info:    ... okay on input line 37.
LaTeX Font Info:    Checking defaults for OT1/cmr/m/n on input line 37.
LaTeX Font Info:    ... okay on input line 37.
LaTeX Font Info:    Checking defaults for OMS/cmsy/m/n on input line 37.
LaTeX Font Info:    ... okay on input line 37.
LaTeX Font Info:    Checking defaults for OMX/cmex/m/n on input line 37.
LaTeX Font Info:    ... okay on input line 37.
LaTeX Font Info:    Checking defaults for U/cmr/m/n on input line 37.
LaTeX Font Info:    ... okay on input line 37.
LaTeX Font Info:    Checking defaults for PD1/pdf/m/n on input line 37.
LaTeX Font Info:    ... okay on input line 37.

(/usr/local/texlive/2014/texmf-dist/tex/context/base/supp-pdf.mkii
[Loading MPS to PDF converter (version 2006.09.02).]
\scratchcounter=\count173
\scratchdimen=\dimen184
\scratchbox=\box56
\nofMPsegments=\count174
\nofMParguments=\count175
\everyMPshowfont=\toks41
\MPscratchCnt=\count176
\MPscratchDim=\dimen185
\MPnumerator=\count177
\makeMPintoPDFobject=\count178
\everyMPtoPDFconversion=\toks42
) (/usr/local/texlive/2014/texmf-dist/tex/generic/oberdiek/pdftexcmds.sty
Package: pdftexcmds 2011/11/29 v0.20 Utility functions of pdfTeX for LuaTeX (HO
)

(/usr/local/texlive/2014/texmf-dist/tex/generic/oberdiek/ifluatex.sty
Package: ifluatex 2010/03/01 v1.3 Provides the ifluatex switch (HO)
Package ifluatex Info: LuaTeX not detected.
)
(/usr/local/texlive/2014/texmf-dist/tex/generic/oberdiek/ifpdf.sty
Package: ifpdf 2011/01/30 v2.3 Provides the ifpdf switch (HO)
Package ifpdf Info: pdfTeX in PDF mode is detected.
)
Package pdftexcmds Info: LuaTeX not detected.
Package pdftexcmds Info: \pdf@primitive is available.
Package pdftexcmds Info: \pdf@ifprimitive is available.
Package pdftexcmds Info: \pdfdraftmode found.
)
(/usr/local/texlive/2014/texmf-dist/tex/latex/oberdiek/epstopdf-base.sty
Package: epstopdf-base 2010/02/09 v2.5 Base part for package epstopdf

(/usr/local/texlive/2014/texmf-dist/tex/latex/oberdiek/grfext.sty
Package: grfext 2010/08/19 v1.1 Manage graphics extensions (HO)

(/usr/local/texlive/2014/texmf-dist/tex/generic/oberdiek/kvdefinekeys.sty
Package: kvdefinekeys 2011/04/07 v1.3 Define keys (HO)
))
(/usr/local/texlive/2014/texmf-dist/tex/latex/oberdiek/kvoptions.sty
Package: kvoptions 2011/06/30 v3.11 Key value format for package options (HO)

(/usr/local/texlive/2014/texmf-dist/tex/generic/oberdiek/kvsetkeys.sty
Package: kvsetkeys 2012/04/25 v1.16 Key value parser (HO)

(/usr/local/texlive/2014/texmf-dist/tex/generic/oberdiek/etexcmds.sty
Package: etexcmds 2011/02/16 v1.5 Avoid name clashes with e-TeX commands (HO)
Package etexcmds Info: Could not find \expanded.
(etexcmds)             That can mean that you are not using pdfTeX 1.50 or
(etexcmds)             that some package has redefined \expanded.
(etexcmds)             In the latter case, load this package earlier.
)))
Package grfext Info: Graphics extension search list:
(grfext)             [.png,.pdf,.jpg,.mps,.jpeg,.jbig2,.jb2,.PNG,.PDF,.JPG,.JPE
G,.JBIG2,.JB2,.eps]
(grfext)             \AppendGraphicsExtensions on input line 452.

(/usr/local/texlive/2014/texmf-dist/tex/latex/latexconfig/epstopdf-sys.cfg
File: epstopdf-sys.cfg 2010/07/13 v1.3 Configuration of (r)epstopdf for TeX Liv
e
))
ABD: EveryShipout initializing macros
Package hyperref Info: Link coloring OFF on input line 37.

(/Users/dave/Library/texmf/tex/latex/misc/hyperref/hyperref/nameref.sty
Package: nameref 2000/05/08 v2.18 Cross-referencing by name of section
\c@section@level=\count179
)
(./slides.out) (./slides.out)
\openout4 = `slides.out'.

LaTeX Info: Redefining \ref on input line 37.
LaTeX Info: Redefining \pageref on input line 37.
LaTeX Font Info:    Overwriting symbol font `operators' in version `normal'
(Font)                  OT1/cmr/m/n --> OT1/cmss/m/n on input line 37.
LaTeX Font Info:    Overwriting symbol font `operators' in version `bold'
(Font)                  OT1/cmr/bx/n --> OT1/cmss/bx/n on input line 37.
\symnumbers=\mathgroup6
\sympureletters=\mathgroup7
LaTeX Font Info:    Overwriting math alphabet `\mathrm' in version `normal'
(Font)                  OT1/cmss/m/n --> OT1/cmr/m/n on input line 37.
LaTeX Font Info:    Redeclaring math alphabet \mathbf on input line 37.
LaTeX Font Info:    Overwriting math alphabet `\mathbf' in version `normal'
(Font)                  OT1/cmr/bx/n --> OT1/cmss/bx/n on input line 37.
LaTeX Font Info:    Overwriting math alphabet `\mathbf' in version `bold'
(Font)                  OT1/cmr/bx/n --> OT1/cmss/bx/n on input line 37.
LaTeX Font Info:    Redeclaring math alphabet \mathsf on input line 37.
LaTeX Font Info:    Overwriting math alphabet `\mathsf' in version `normal'
(Font)                  OT1/cmss/m/n --> OT1/cmss/m/n on input line 37.
LaTeX Font Info:    Overwriting math alphabet `\mathsf' in version `bold'
(Font)                  OT1/cmss/bx/n --> OT1/cmss/m/n on input line 37.
LaTeX Font Info:    Redeclaring math alphabet \mathit on input line 37.
LaTeX Font Info:    Overwriting math alphabet `\mathit' in version `normal'
(Font)                  OT1/cmr/m/it --> OT1/cmss/m/it on input line 37.
LaTeX Font Info:    Overwriting math alphabet `\mathit' in version `bold'
(Font)                  OT1/cmr/bx/it --> OT1/cmss/m/it on input line 37.
LaTeX Font Info:    Redeclaring math alphabet \mathtt on input line 37.
LaTeX Font Info:    Overwriting math alphabet `\mathtt' in version `normal'
(Font)                  OT1/cmtt/m/n --> OT1/cmtt/m/n on input line 37.
LaTeX Font Info:    Overwriting math alphabet `\mathtt' in version `bold'
(Font)                  OT1/cmtt/m/n --> OT1/cmtt/m/n on input line 37.
LaTeX Font Info:    Overwriting symbol font `numbers' in version `bold'
(Font)                  OT1/cmss/m/n --> OT1/cmss/bx/n on input line 37.
LaTeX Font Info:    Overwriting symbol font `pureletters' in version `bold'
(Font)                  OT1/cmss/m/it --> OT1/cmss/bx/it on input line 37.
LaTeX Font Info:    Overwriting math alphabet `\mathrm' in version `bold'
(Font)                  OT1/cmss/bx/n --> OT1/cmr/bx/n on input line 37.
LaTeX Font Info:    Overwriting math alphabet `\mathbf' in version `bold'
(Font)                  OT1/cmss/bx/n --> OT1/cmss/bx/n on input line 37.
LaTeX Font Info:    Overwriting math alphabet `\mathsf' in version `bold'
(Font)                  OT1/cmss/m/n --> OT1/cmss/bx/n on input line 37.
LaTeX Font Info:    Overwriting math alphabet `\mathit' in version `bold'
(Font)                  OT1/cmss/m/it --> OT1/cmss/bx/it on input line 37.
LaTeX Font Info:    Overwriting math alphabet `\mathtt' in version `bold'
(Font)                  OT1/cmtt/m/n --> OT1/cmtt/bx/n on input line 37.

(/usr/local/texlive/2014/texmf-dist/tex/latex/beamer/translator/dicts/translato
r-theorem-dictionary/translator-theorem-dictionary-English.dict
Dictionary: translator-theorem-dictionary, Language: English 
) (./slides.nav)

LaTeX Font Warning: Font shape `OT1/cmss/m/n' in size <4> not available
(Font)              size <5> substituted on input line 39.

[1

{/usr/local/texlive/2014/texmf-var/fonts/map/pdftex/updmap/pdftex.map}]
[2

] [3

] [4

] [5

] [6

] [7

] [8

] [9

] [10

] [11

] [12

]
LaTeX Font Info:    Try loading font information for U+msa on input line 109.

(/usr/local/texlive/2014/texmf-dist/tex/latex/amsfonts/umsa.fd
File: umsa.fd 2013/01/14 v3.01 AMS symbols A
)
LaTeX Font Info:    Try loading font information for U+msb on input line 109.

(/usr/local/texlive/2014/texmf-dist/tex/latex/amsfonts/umsb.fd
File: umsb.fd 2013/01/14 v3.01 AMS symbols B
) [13

]
<somenumbers.pdf, id=380, 397.485pt x 289.08pt>
File: somenumbers.pdf Graphic file (type pdf)
 <use somenumbers.pdf>
Package pdftex.def Info: somenumbers.pdf used on input line 119.
(pdftex.def)             Requested size: 289.07999pt x 210.2459pt.
 [14

 <./somenumbers.pdf>] [15

]
\tf@nav=\write6
\openout6 = `slides.nav'.

\tf@toc=\write7
\openout7 = `slides.toc'.

\tf@snm=\write8
\openout8 = `slides.snm'.

 (./slides.aux)

LaTeX Font Warning: Size substitutions with differences
(Font)              up to 1.0pt have occurred.

 ) 
Here is how much of TeX's memory you used:
 13615 strings out of 493117
 263778 string characters out of 6135433
 317602 words of memory out of 5000000
 16672 multiletter control sequences out of 15000+600000
 11111 words of font info for 41 fonts, out of 8000000 for 9000
 1141 hyphenation exceptions out of 8191
 49i,16n,59p,395b,574s stack positions out of 5000i,500n,10000p,200000b,80000s
</usr/local/texlive/2014/texmf-dist/fonts/type1/public/amsfonts/cm/cmmi6.pfb>
</usr/local/texlive/2014/texmf-dist/fonts/type1/public/amsfonts/cm/cmss10.pfb><
/usr/local/texlive/2014/texmf-dist/fonts/type1/public/amsfonts/cm/cmss12.pfb></
usr/local/texlive/2014/texmf-dist/fonts/type1/public/amsfonts/cm/cmss8.pfb></us
r/local/texlive/2014/texmf-dist/fonts/type1/public/amsfonts/cm/cmsy5.pfb></usr/
local/texlive/2014/texmf-dist/fonts/type1/public/amsfonts/cm/cmsy6.pfb></usr/lo
cal/texlive/2014/texmf-dist/fonts/type1/public/amsfonts/cm/cmsy7.pfb>
Output written on slides.pdf (15 pages, 1779084 bytes).
PDF statistics:
 476 PDF objects out of 1000 (max. 8388607)
 430 compressed objects within 5 object streams
 32 named destinations out of 1000 (max. 500000)
 84 words of extra memory for PDF output out of 10000 (max. 10000000)

